<?xml version="1.0" encoding="UTF-8"?>
<!-- Generated by org.testng.reporters.JUnitXMLReporter -->
<testsuite ignored="2" hostname="LAPTOP-B6F97E5B" failures="0" tests="4" name="Test" time="0.049" errors="0" timestamp="2022-04-22T21:46:34 IST">
  <testcase classname="day1.DemoGroup" name="abc" time="0.009"/>
  <testcase classname="day1.DemoGroup" name="home" time="0.001"/>
  <testcase classname="day1.DemoGroup" name="pqr" time="0.0"/>
  <testcase classname="day1.DemoGroup" name="search" time="0.001"/>
  <testcase classname="day1.DemoGroup" name="xyz" time="0.0">
    <ignored/>
  </testcase> <!-- xyz -->
  <testcase classname="day1.DemoGroup" name="admin" time="0.0">
    <ignored/>
  </testcase> <!-- admin -->
</testsuite> <!-- Test -->
